<?xml version="1.0" encoding="UTF-8"?>
<!-- Generated by org.testng.reporters.JUnitReportReporter -->
<testsuite hostname="DESKTOP-0IP6PRG" failures="0" tests="1" name="cucumber.TestNGTestRunner" time="0.119" errors="1" timestamp="07 Jan 2024 07:56:29 GMT" skipped="0">
  <testcase classname="cucumber.TestNGTestRunner" name="runScenario" time="0.119">
    <error message="C:\Users\Rahul Nishad\eclipse-workspace\SeleniumFrameworkDesign\src\main\java\rahulshettyacademy\resources\GlobalData.properties (The system cannot find the path specified)" type="java.io.FileNotFoundException">
      <![CDATA[java.io.FileNotFoundException: C:\Users\Rahul Nishad\eclipse-workspace\SeleniumFrameworkDesign\src\main\java\rahulshettyacademy\resources\GlobalData.properties (The system cannot find the path specified)
at java.base/java.io.FileInputStream.open0(Native Method)
at java.base/java.io.FileInputStream.open(FileInputStream.java:219)
at java.base/java.io.FileInputStream.<init>(FileInputStream.java:158)
at java.base/java.io.FileInputStream.<init>(FileInputStream.java:112)
at rahul.TestComponents.BaseTest.initializeDriver(BaseTest.java:44)
at rahul.TestComponents.BaseTest.launchApplication(BaseTest.java:109)
at rahul.stepDefinitions.StepDefinitionImpl.I_landed_on_Ecommerce_Page(StepDefinitionImpl.java:27)
at âœ½.I landed on Ecommerce Page(file:///C:/Users/Rahul%20Nishad/eclipse-workspace/SeleniumFrameworkDesign/src/test/java/cucumber/SubmitOrder.feature:7)
]]>
    </error>
  </testcase> <!-- runScenario -->
</testsuite> <!-- cucumber.TestNGTestRunner -->
